<?xml version="1.0" encoding="UTF-8"?>
<testsuite xmlns:xsi="http://www.w3.org/2001/XMLSchema-instance" xsi:noNamespaceSchemaLocation="https://maven.apache.org/surefire/maven-surefire-plugin/xsd/surefire-test-report-3.0.xsd" version="3.0" name="TestSuite" time="17.707" tests="9" errors="0" skipped="0" failures="0">
  <properties>
    <property name="java.specification.version" value="19"/>
    <property name="sun.jnu.encoding" value="UTF-8"/>
    <property name="java.class.path" value="/Users/abhisheksanjaywabale/eclipse-workspace/PetStore_API_Automation/target/test-classes:/Users/abhisheksanjaywabale/eclipse-workspace/PetStore_API_Automation/target/classes:/Users/abhisheksanjaywabale/.m2/repository/junit/junit/3.8.1/junit-3.8.1.jar:/Users/abhisheksanjaywabale/.m2/repository/io/rest-assured/rest-assured/5.3.2/rest-assured-5.3.2.jar:/Users/abhisheksanjaywabale/.m2/repository/org/apache/groovy/groovy/4.0.11/groovy-4.0.11.jar:/Users/abhisheksanjaywabale/.m2/repository/org/apache/groovy/groovy-xml/4.0.11/groovy-xml-4.0.11.jar:/Users/abhisheksanjaywabale/.m2/repository/org/apache/httpcomponents/httpclient/4.5.13/httpclient-4.5.13.jar:/Users/abhisheksanjaywabale/.m2/repository/org/apache/httpcomponents/httpcore/4.4.13/httpcore-4.4.13.jar:/Users/abhisheksanjaywabale/.m2/repository/commons-logging/commons-logging/1.2/commons-logging-1.2.jar:/Users/abhisheksanjaywabale/.m2/repository/org/apache/httpcomponents/httpmime/4.5.13/httpmime-4.5.13.jar:/Users/abhisheksanjaywabale/.m2/repository/org/hamcrest/hamcrest/2.2/hamcrest-2.2.jar:/Users/abhisheksanjaywabale/.m2/repository/org/ccil/cowan/tagsoup/tagsoup/1.2.1/tagsoup-1.2.1.jar:/Users/abhisheksanjaywabale/.m2/repository/io/rest-assured/xml-path/5.3.2/xml-path-5.3.2.jar:/Users/abhisheksanjaywabale/.m2/repository/org/testng/testng/7.8.0/testng-7.8.0.jar:/Users/abhisheksanjaywabale/.m2/repository/org/slf4j/slf4j-api/1.7.36/slf4j-api-1.7.36.jar:/Users/abhisheksanjaywabale/.m2/repository/com/beust/jcommander/1.82/jcommander-1.82.jar:/Users/abhisheksanjaywabale/.m2/repository/org/webjars/jquery/3.6.1/jquery-3.6.1.jar:/Users/abhisheksanjaywabale/.m2/repository/io/rest-assured/json-path/5.3.2/json-path-5.3.2.jar:/Users/abhisheksanjaywabale/.m2/repository/org/apache/groovy/groovy-json/4.0.11/groovy-json-4.0.11.jar:/Users/abhisheksanjaywabale/.m2/repository/io/rest-assured/rest-assured-common/5.3.2/rest-assured-common-5.3.2.jar:/Users/abhisheksanjaywabale/.m2/repository/com/github/javafaker/javafaker/1.0.2/javafaker-1.0.2.jar:/Users/abhisheksanjaywabale/.m2/repository/org/apache/commons/commons-lang3/3.5/commons-lang3-3.5.jar:/Users/abhisheksanjaywabale/.m2/repository/org/yaml/snakeyaml/1.23/snakeyaml-1.23-android.jar:/Users/abhisheksanjaywabale/.m2/repository/com/github/mifmif/generex/1.0.2/generex-1.0.2.jar:/Users/abhisheksanjaywabale/.m2/repository/dk/brics/automaton/automaton/1.11-8/automaton-1.11-8.jar:/Users/abhisheksanjaywabale/.m2/repository/org/json/json/20230618/json-20230618.jar:/Users/abhisheksanjaywabale/.m2/repository/io/rest-assured/json-schema-validator/5.3.2/json-schema-validator-5.3.2.jar:/Users/abhisheksanjaywabale/.m2/repository/com/github/java-json-tools/json-schema-validator/2.2.14/json-schema-validator-2.2.14.jar:/Users/abhisheksanjaywabale/.m2/repository/com/github/java-json-tools/jackson-coreutils-equivalence/1.0/jackson-coreutils-equivalence-1.0.jar:/Users/abhisheksanjaywabale/.m2/repository/com/github/java-json-tools/jackson-coreutils/2.0/jackson-coreutils-2.0.jar:/Users/abhisheksanjaywabale/.m2/repository/com/github/java-json-tools/msg-simple/1.2/msg-simple-1.2.jar:/Users/abhisheksanjaywabale/.m2/repository/com/github/java-json-tools/btf/1.3/btf-1.3.jar:/Users/abhisheksanjaywabale/.m2/repository/com/github/java-json-tools/json-schema-core/1.2.14/json-schema-core-1.2.14.jar:/Users/abhisheksanjaywabale/.m2/repository/com/github/java-json-tools/uri-template/0.10/uri-template-0.10.jar:/Users/abhisheksanjaywabale/.m2/repository/org/mozilla/rhino/1.7.7.2/rhino-1.7.7.2.jar:/Users/abhisheksanjaywabale/.m2/repository/com/sun/mail/mailapi/1.6.2/mailapi-1.6.2.jar:/Users/abhisheksanjaywabale/.m2/repository/joda-time/joda-time/2.10.5/joda-time-2.10.5.jar:/Users/abhisheksanjaywabale/.m2/repository/com/googlecode/libphonenumber/libphonenumber/8.11.1/libphonenumber-8.11.1.jar:/Users/abhisheksanjaywabale/.m2/repository/com/google/code/findbugs/jsr305/3.0.2/jsr305-3.0.2.jar:/Users/abhisheksanjaywabale/.m2/repository/net/sf/jopt-simple/jopt-simple/5.0.4/jopt-simple-5.0.4.jar:/Users/abhisheksanjaywabale/.m2/repository/com/google/guava/guava/32.0.1-jre/guava-32.0.1-jre.jar:/Users/abhisheksanjaywabale/.m2/repository/com/google/guava/failureaccess/1.0.1/failureaccess-1.0.1.jar:/Users/abhisheksanjaywabale/.m2/repository/com/google/guava/listenablefuture/9999.0-empty-to-avoid-conflict-with-guava/listenablefuture-9999.0-empty-to-avoid-conflict-with-guava.jar:/Users/abhisheksanjaywabale/.m2/repository/org/checkerframework/checker-qual/3.33.0/checker-qual-3.33.0.jar:/Users/abhisheksanjaywabale/.m2/repository/com/google/errorprone/error_prone_annotations/2.18.0/error_prone_annotations-2.18.0.jar:/Users/abhisheksanjaywabale/.m2/repository/com/google/j2objc/j2objc-annotations/2.8/j2objc-annotations-2.8.jar:/Users/abhisheksanjaywabale/.m2/repository/org/apache/logging/log4j/log4j-slf4j-impl/2.22.0/log4j-slf4j-impl-2.22.0.jar:/Users/abhisheksanjaywabale/.m2/repository/com/aventstack/extentreports/5.1.1/extentreports-5.1.1.jar:/Users/abhisheksanjaywabale/.m2/repository/io/reactivex/rxjava3/rxjava/3.1.6/rxjava-3.1.6.jar:/Users/abhisheksanjaywabale/.m2/repository/org/reactivestreams/reactive-streams/1.0.4/reactive-streams-1.0.4.jar:/Users/abhisheksanjaywabale/.m2/repository/org/freemarker/freemarker/2.3.32/freemarker-2.3.32.jar:/Users/abhisheksanjaywabale/.m2/repository/org/projectlombok/lombok/1.18.26/lombok-1.18.26.jar:/Users/abhisheksanjaywabale/.m2/repository/com/google/code/gson/gson/2.10.1/gson-2.10.1.jar:/Users/abhisheksanjaywabale/.m2/repository/org/apache/poi/poi/5.2.5/poi-5.2.5.jar:/Users/abhisheksanjaywabale/.m2/repository/commons-codec/commons-codec/1.16.0/commons-codec-1.16.0.jar:/Users/abhisheksanjaywabale/.m2/repository/org/apache/commons/commons-collections4/4.4/commons-collections4-4.4.jar:/Users/abhisheksanjaywabale/.m2/repository/org/apache/commons/commons-math3/3.6.1/commons-math3-3.6.1.jar:/Users/abhisheksanjaywabale/.m2/repository/commons-io/commons-io/2.15.0/commons-io-2.15.0.jar:/Users/abhisheksanjaywabale/.m2/repository/com/zaxxer/SparseBitSet/1.3/SparseBitSet-1.3.jar:/Users/abhisheksanjaywabale/.m2/repository/org/apache/poi/poi-ooxml/5.2.5/poi-ooxml-5.2.5.jar:/Users/abhisheksanjaywabale/.m2/repository/org/apache/poi/poi-ooxml-lite/5.2.5/poi-ooxml-lite-5.2.5.jar:/Users/abhisheksanjaywabale/.m2/repository/org/apache/xmlbeans/xmlbeans/5.2.0/xmlbeans-5.2.0.jar:/Users/abhisheksanjaywabale/.m2/repository/org/apache/commons/commons-compress/1.25.0/commons-compress-1.25.0.jar:/Users/abhisheksanjaywabale/.m2/repository/com/github/virtuald/curvesapi/1.08/curvesapi-1.08.jar:/Users/abhisheksanjaywabale/.m2/repository/com/github/scribejava/scribejava-apis/8.3.3/scribejava-apis-8.3.3.jar:/Users/abhisheksanjaywabale/.m2/repository/com/github/scribejava/scribejava-core/8.3.3/scribejava-core-8.3.3.jar:/Users/abhisheksanjaywabale/.m2/repository/com/github/scribejava/scribejava-java8/8.3.3/scribejava-java8-8.3.3.jar:/Users/abhisheksanjaywabale/.m2/repository/com/fasterxml/jackson/core/jackson-databind/2.14.0/jackson-databind-2.14.0.jar:/Users/abhisheksanjaywabale/.m2/repository/com/fasterxml/jackson/core/jackson-annotations/2.14.0/jackson-annotations-2.14.0.jar:/Users/abhisheksanjaywabale/.m2/repository/com/fasterxml/jackson/core/jackson-core/2.14.0/jackson-core-2.14.0.jar:/Users/abhisheksanjaywabale/.m2/repository/org/apache/logging/log4j/log4j-api/2.22.1/log4j-api-2.22.1.jar:/Users/abhisheksanjaywabale/.m2/repository/org/apache/logging/log4j/log4j-core/2.22.1/log4j-core-2.22.1.jar:"/>
    <property name="java.vm.vendor" value="Amazon.com Inc."/>
    <property name="sun.arch.data.model" value="64"/>
    <property name="java.vendor.url" value="https://aws.amazon.com/corretto/"/>
    <property name="user.timezone" value="Asia/Kolkata"/>
    <property name="os.name" value="Mac OS X"/>
    <property name="java.vm.specification.version" value="19"/>
    <property name="sun.java.launcher" value="SUN_STANDARD"/>
    <property name="user.country" value="IN"/>
    <property name="sun.boot.library.path" value="/Users/abhisheksanjaywabale/Library/Java/JavaVirtualMachines/corretto-19.0.2/Contents/Home/lib"/>
    <property name="sun.java.command" value="/Users/abhisheksanjaywabale/eclipse-workspace/PetStore_API_Automation/target/surefire/surefirebooter-20240215153637021_3.jar /Users/abhisheksanjaywabale/eclipse-workspace/PetStore_API_Automation/target/surefire 2024-02-15T15-36-36_968-jvmRun1 surefire-20240215153637021_1tmp surefire_0-20240215153637021_2tmp"/>
    <property name="jdk.debug" value="release"/>
    <property name="surefire.test.class.path" value="/Users/abhisheksanjaywabale/eclipse-workspace/PetStore_API_Automation/target/test-classes:/Users/abhisheksanjaywabale/eclipse-workspace/PetStore_API_Automation/target/classes:/Users/abhisheksanjaywabale/.m2/repository/junit/junit/3.8.1/junit-3.8.1.jar:/Users/abhisheksanjaywabale/.m2/repository/io/rest-assured/rest-assured/5.3.2/rest-assured-5.3.2.jar:/Users/abhisheksanjaywabale/.m2/repository/org/apache/groovy/groovy/4.0.11/groovy-4.0.11.jar:/Users/abhisheksanjaywabale/.m2/repository/org/apache/groovy/groovy-xml/4.0.11/groovy-xml-4.0.11.jar:/Users/abhisheksanjaywabale/.m2/repository/org/apache/httpcomponents/httpclient/4.5.13/httpclient-4.5.13.jar:/Users/abhisheksanjaywabale/.m2/repository/org/apache/httpcomponents/httpcore/4.4.13/httpcore-4.4.13.jar:/Users/abhisheksanjaywabale/.m2/repository/commons-logging/commons-logging/1.2/commons-logging-1.2.jar:/Users/abhisheksanjaywabale/.m2/repository/org/apache/httpcomponents/httpmime/4.5.13/httpmime-4.5.13.jar:/Users/abhisheksanjaywabale/.m2/repository/org/hamcrest/hamcrest/2.2/hamcrest-2.2.jar:/Users/abhisheksanjaywabale/.m2/repository/org/ccil/cowan/tagsoup/tagsoup/1.2.1/tagsoup-1.2.1.jar:/Users/abhisheksanjaywabale/.m2/repository/io/rest-assured/xml-path/5.3.2/xml-path-5.3.2.jar:/Users/abhisheksanjaywabale/.m2/repository/org/testng/testng/7.8.0/testng-7.8.0.jar:/Users/abhisheksanjaywabale/.m2/repository/org/slf4j/slf4j-api/1.7.36/slf4j-api-1.7.36.jar:/Users/abhisheksanjaywabale/.m2/repository/com/beust/jcommander/1.82/jcommander-1.82.jar:/Users/abhisheksanjaywabale/.m2/repository/org/webjars/jquery/3.6.1/jquery-3.6.1.jar:/Users/abhisheksanjaywabale/.m2/repository/io/rest-assured/json-path/5.3.2/json-path-5.3.2.jar:/Users/abhisheksanjaywabale/.m2/repository/org/apache/groovy/groovy-json/4.0.11/groovy-json-4.0.11.jar:/Users/abhisheksanjaywabale/.m2/repository/io/rest-assured/rest-assured-common/5.3.2/rest-assured-common-5.3.2.jar:/Users/abhisheksanjaywabale/.m2/repository/com/github/javafaker/javafaker/1.0.2/javafaker-1.0.2.jar:/Users/abhisheksanjaywabale/.m2/repository/org/apache/commons/commons-lang3/3.5/commons-lang3-3.5.jar:/Users/abhisheksanjaywabale/.m2/repository/org/yaml/snakeyaml/1.23/snakeyaml-1.23-android.jar:/Users/abhisheksanjaywabale/.m2/repository/com/github/mifmif/generex/1.0.2/generex-1.0.2.jar:/Users/abhisheksanjaywabale/.m2/repository/dk/brics/automaton/automaton/1.11-8/automaton-1.11-8.jar:/Users/abhisheksanjaywabale/.m2/repository/org/json/json/20230618/json-20230618.jar:/Users/abhisheksanjaywabale/.m2/repository/io/rest-assured/json-schema-validator/5.3.2/json-schema-validator-5.3.2.jar:/Users/abhisheksanjaywabale/.m2/repository/com/github/java-json-tools/json-schema-validator/2.2.14/json-schema-validator-2.2.14.jar:/Users/abhisheksanjaywabale/.m2/repository/com/github/java-json-tools/jackson-coreutils-equivalence/1.0/jackson-coreutils-equivalence-1.0.jar:/Users/abhisheksanjaywabale/.m2/repository/com/github/java-json-tools/jackson-coreutils/2.0/jackson-coreutils-2.0.jar:/Users/abhisheksanjaywabale/.m2/repository/com/github/java-json-tools/msg-simple/1.2/msg-simple-1.2.jar:/Users/abhisheksanjaywabale/.m2/repository/com/github/java-json-tools/btf/1.3/btf-1.3.jar:/Users/abhisheksanjaywabale/.m2/repository/com/github/java-json-tools/json-schema-core/1.2.14/json-schema-core-1.2.14.jar:/Users/abhisheksanjaywabale/.m2/repository/com/github/java-json-tools/uri-template/0.10/uri-template-0.10.jar:/Users/abhisheksanjaywabale/.m2/repository/org/mozilla/rhino/1.7.7.2/rhino-1.7.7.2.jar:/Users/abhisheksanjaywabale/.m2/repository/com/sun/mail/mailapi/1.6.2/mailapi-1.6.2.jar:/Users/abhisheksanjaywabale/.m2/repository/joda-time/joda-time/2.10.5/joda-time-2.10.5.jar:/Users/abhisheksanjaywabale/.m2/repository/com/googlecode/libphonenumber/libphonenumber/8.11.1/libphonenumber-8.11.1.jar:/Users/abhisheksanjaywabale/.m2/repository/com/google/code/findbugs/jsr305/3.0.2/jsr305-3.0.2.jar:/Users/abhisheksanjaywabale/.m2/repository/net/sf/jopt-simple/jopt-simple/5.0.4/jopt-simple-5.0.4.jar:/Users/abhisheksanjaywabale/.m2/repository/com/google/guava/guava/32.0.1-jre/guava-32.0.1-jre.jar:/Users/abhisheksanjaywabale/.m2/repository/com/google/guava/failureaccess/1.0.1/failureaccess-1.0.1.jar:/Users/abhisheksanjaywabale/.m2/repository/com/google/guava/listenablefuture/9999.0-empty-to-avoid-conflict-with-guava/listenablefuture-9999.0-empty-to-avoid-conflict-with-guava.jar:/Users/abhisheksanjaywabale/.m2/repository/org/checkerframework/checker-qual/3.33.0/checker-qual-3.33.0.jar:/Users/abhisheksanjaywabale/.m2/repository/com/google/errorprone/error_prone_annotations/2.18.0/error_prone_annotations-2.18.0.jar:/Users/abhisheksanjaywabale/.m2/repository/com/google/j2objc/j2objc-annotations/2.8/j2objc-annotations-2.8.jar:/Users/abhisheksanjaywabale/.m2/repository/org/apache/logging/log4j/log4j-slf4j-impl/2.22.0/log4j-slf4j-impl-2.22.0.jar:/Users/abhisheksanjaywabale/.m2/repository/com/aventstack/extentreports/5.1.1/extentreports-5.1.1.jar:/Users/abhisheksanjaywabale/.m2/repository/io/reactivex/rxjava3/rxjava/3.1.6/rxjava-3.1.6.jar:/Users/abhisheksanjaywabale/.m2/repository/org/reactivestreams/reactive-streams/1.0.4/reactive-streams-1.0.4.jar:/Users/abhisheksanjaywabale/.m2/repository/org/freemarker/freemarker/2.3.32/freemarker-2.3.32.jar:/Users/abhisheksanjaywabale/.m2/repository/org/projectlombok/lombok/1.18.26/lombok-1.18.26.jar:/Users/abhisheksanjaywabale/.m2/repository/com/google/code/gson/gson/2.10.1/gson-2.10.1.jar:/Users/abhisheksanjaywabale/.m2/repository/org/apache/poi/poi/5.2.5/poi-5.2.5.jar:/Users/abhisheksanjaywabale/.m2/repository/commons-codec/commons-codec/1.16.0/commons-codec-1.16.0.jar:/Users/abhisheksanjaywabale/.m2/repository/org/apache/commons/commons-collections4/4.4/commons-collections4-4.4.jar:/Users/abhisheksanjaywabale/.m2/repository/org/apache/commons/commons-math3/3.6.1/commons-math3-3.6.1.jar:/Users/abhisheksanjaywabale/.m2/repository/commons-io/commons-io/2.15.0/commons-io-2.15.0.jar:/Users/abhisheksanjaywabale/.m2/repository/com/zaxxer/SparseBitSet/1.3/SparseBitSet-1.3.jar:/Users/abhisheksanjaywabale/.m2/repository/org/apache/poi/poi-ooxml/5.2.5/poi-ooxml-5.2.5.jar:/Users/abhisheksanjaywabale/.m2/repository/org/apache/poi/poi-ooxml-lite/5.2.5/poi-ooxml-lite-5.2.5.jar:/Users/abhisheksanjaywabale/.m2/repository/org/apache/xmlbeans/xmlbeans/5.2.0/xmlbeans-5.2.0.jar:/Users/abhisheksanjaywabale/.m2/repository/org/apache/commons/commons-compress/1.25.0/commons-compress-1.25.0.jar:/Users/abhisheksanjaywabale/.m2/repository/com/github/virtuald/curvesapi/1.08/curvesapi-1.08.jar:/Users/abhisheksanjaywabale/.m2/repository/com/github/scribejava/scribejava-apis/8.3.3/scribejava-apis-8.3.3.jar:/Users/abhisheksanjaywabale/.m2/repository/com/github/scribejava/scribejava-core/8.3.3/scribejava-core-8.3.3.jar:/Users/abhisheksanjaywabale/.m2/repository/com/github/scribejava/scribejava-java8/8.3.3/scribejava-java8-8.3.3.jar:/Users/abhisheksanjaywabale/.m2/repository/com/fasterxml/jackson/core/jackson-databind/2.14.0/jackson-databind-2.14.0.jar:/Users/abhisheksanjaywabale/.m2/repository/com/fasterxml/jackson/core/jackson-annotations/2.14.0/jackson-annotations-2.14.0.jar:/Users/abhisheksanjaywabale/.m2/repository/com/fasterxml/jackson/core/jackson-core/2.14.0/jackson-core-2.14.0.jar:/Users/abhisheksanjaywabale/.m2/repository/org/apache/logging/log4j/log4j-api/2.22.1/log4j-api-2.22.1.jar:/Users/abhisheksanjaywabale/.m2/repository/org/apache/logging/log4j/log4j-core/2.22.1/log4j-core-2.22.1.jar:"/>
    <property name="sun.cpu.endian" value="little"/>
    <property name="user.home" value="/Users/abhisheksanjaywabale"/>
    <property name="user.language" value="en"/>
    <property name="java.specification.vendor" value="Oracle Corporation"/>
    <property name="java.version.date" value="2023-01-17"/>
    <property name="java.home" value="/Users/abhisheksanjaywabale/Library/Java/JavaVirtualMachines/corretto-19.0.2/Contents/Home"/>
    <property name="file.separator" value="/"/>
    <property name="basedir" value="/Users/abhisheksanjaywabale/eclipse-workspace/PetStore_API_Automation"/>
    <property name="java.vm.compressedOopsMode" value="Zero based"/>
    <property name="line.separator" value="&#10;"/>
    <property name="java.vm.specification.vendor" value="Oracle Corporation"/>
    <property name="java.specification.name" value="Java Platform API Specification"/>
    <property name="apple.awt.application.name" value="ForkedBooter"/>
    <property name="surefire.real.class.path" value="/Users/abhisheksanjaywabale/eclipse-workspace/PetStore_API_Automation/target/surefire/surefirebooter-20240215153637021_3.jar"/>
    <property name="sun.management.compiler" value="HotSpot 64-Bit Tiered Compilers"/>
    <property name="java.runtime.version" value="19.0.2+7-FR"/>
    <property name="user.name" value="abhisheksanjaywabale"/>
    <property name="stdout.encoding" value="UTF-8"/>
    <property name="path.separator" value=":"/>
    <property name="os.version" value="13.6"/>
    <property name="java.runtime.name" value="OpenJDK Runtime Environment"/>
    <property name="file.encoding" value="UTF-8"/>
    <property name="java.vm.name" value="OpenJDK 64-Bit Server VM"/>
    <property name="java.vendor.version" value="Corretto-19.0.2.7.1"/>
    <property name="localRepository" value="/Users/abhisheksanjaywabale/.m2/repository"/>
    <property name="java.vendor.url.bug" value="https://github.com/corretto/corretto-19/issues/"/>
    <property name="java.io.tmpdir" value="/var/folders/0d/bds2dn0167s9q6lyfn6gbvzm0000gn/T/"/>
    <property name="java.version" value="19.0.2"/>
    <property name="user.dir" value="/Users/abhisheksanjaywabale/eclipse-workspace/PetStore_API_Automation"/>
    <property name="os.arch" value="aarch64"/>
    <property name="java.vm.specification.name" value="Java Virtual Machine Specification"/>
    <property name="native.encoding" value="UTF-8"/>
    <property name="java.library.path" value="/Users/abhisheksanjaywabale/Library/Java/Extensions:/Library/Java/Extensions:/Network/Library/Java/Extensions:/System/Library/Java/Extensions:/usr/lib/java:."/>
    <property name="java.vm.info" value="mixed mode, sharing"/>
    <property name="stderr.encoding" value="UTF-8"/>
    <property name="java.vendor" value="Amazon.com Inc."/>
    <property name="java.vm.version" value="19.0.2+7-FR"/>
    <property name="sun.io.unicode.encoding" value="UnicodeBig"/>
    <property name="java.class.version" value="63.0"/>
  </properties>
  <testcase name="PostUserTest[123, testuser1, Gaurav, kolhe, test@gmail.com, test@1, 1234567891](1)" classname="Api.Test.DDUserTest" time="2.538"/>
  <testcase name="PostUserTest[122, testuser2, prasad, patil, test@gmail.com, test@2, 1234567891](2)" classname="Api.Test.DDUserTest" time="1.675"/>
  <testcase name="PostUserTest[124, testuser3, vikas, hande, test@gmail.com, test@3, 1234567891](3)" classname="Api.Test.DDUserTest" time="1.752"/>
  <testcase name="GetUserTest[testuser1](1)" classname="Api.Test.DDUserTest" time="1.675">
    <system-out><![CDATA[io.restassured.internal.RestAssuredResponseImpl@3b28b7b0
]]></system-out>
  </testcase>
  <testcase name="GetUserTest[testuser2](2)" classname="Api.Test.DDUserTest" time="1.661">
    <system-out><![CDATA[io.restassured.internal.RestAssuredResponseImpl@52aa7742
]]></system-out>
  </testcase>
  <testcase name="GetUserTest[testuser3](3)" classname="Api.Test.DDUserTest" time="1.863">
    <system-out><![CDATA[io.restassured.internal.RestAssuredResponseImpl@60807fd9
]]></system-out>
  </testcase>
  <testcase name="DeleteUser[testuser1](1)" classname="Api.Test.DDUserTest" time="1.746"/>
  <testcase name="DeleteUser[testuser2](2)" classname="Api.Test.DDUserTest" time="1.84"/>
  <testcase name="DeleteUser[testuser3](3)" classname="Api.Test.DDUserTest" time="1.636"/>
</testsuite>