<?xml version="1.0" encoding="UTF-8"?>
<!-- Generated by org.testng.reporters.JUnitReportReporter -->
<testsuite hostname="C02HD4QKQ6L5" failures="0" tests="4" name="Api.Test.UserTest" time="6.527" errors="0" timestamp="2024-02-01T15:05:08 IST" skipped="0">
  <testcase classname="Api.Test.UserTest" name="testPostUser" time="4.065"/>
  <testcase classname="Api.Test.UserTest" name="testGetUser" time="0.574"/>
  <testcase classname="Api.Test.UserTest" name="testUpdateUser" time="1.475"/>
  <testcase classname="Api.Test.UserTest" name="testdeleteUser" time="0.413"/>
</testsuite> <!-- Api.Test.UserTest -->
