<?xml version="1.0" encoding="UTF-8"?>
<!-- Generated by org.testng.reporters.JUnitReportReporter -->
<testsuite hostname="C02HD4QKQ6L5" failures="0" tests="6" name="Api.Test.DDUserTest" time="5.337" errors="0" timestamp="2024-02-01T15:07:50 IST" skipped="0">
  <testcase classname="Api.Test.DDUserTest" name="PostUserTest" time="0.520"/>
  <testcase classname="Api.Test.DDUserTest" name="PostUserTest" time="2.879"/>
  <testcase classname="Api.Test.DDUserTest" name="PostUserTest" time="0.425"/>
  <testcase classname="Api.Test.DDUserTest" name="DeleteUser" time="0.614"/>
  <testcase classname="Api.Test.DDUserTest" name="DeleteUser" time="0.453"/>
  <testcase classname="Api.Test.DDUserTest" name="DeleteUser" time="0.446"/>
</testsuite> <!-- Api.Test.DDUserTest -->
