<?xml version="1.0" encoding="UTF-8"?>
<!-- Generated by org.testng.reporters.JUnitReportReporter -->
<testsuite hostname="C02HD4QKQ6L5" failures="0" tests="1" name="PetStore_API_Automation.PetStore_API_Automation.AppTest" time="0.005" errors="0" timestamp="2024-02-01T15:32:10 IST" skipped="0">
  <testcase classname="PetStore_API_Automation.PetStore_API_Automation.AppTest" name="testApp" time="0.005"/>
</testsuite> <!-- PetStore_API_Automation.PetStore_API_Automation.AppTest -->
