<?xml version="1.0" encoding="UTF-8"?>
<!-- Generated by org.testng.reporters.JUnitReportReporter -->
<testsuite hostname="C02HD4QKQ6L5" failures="0" tests="6" name="Api.Test.DDUserTest" time="11.909" errors="0" timestamp="2024-02-13T12:28:38 IST" skipped="0">
  <testcase classname="Api.Test.DDUserTest" name="PostUserTest" time="2.745"/>
  <testcase classname="Api.Test.DDUserTest" name="PostUserTest" time="2.328"/>
  <testcase classname="Api.Test.DDUserTest" name="PostUserTest" time="1.575"/>
  <testcase classname="Api.Test.DDUserTest" name="DeleteUser" time="2.225"/>
  <testcase classname="Api.Test.DDUserTest" name="DeleteUser" time="1.518"/>
  <testcase classname="Api.Test.DDUserTest" name="DeleteUser" time="1.518"/>
</testsuite> <!-- Api.Test.DDUserTest -->
