<?xml version="1.0" encoding="UTF-8"?>
<!-- Generated by org.testng.reporters.JUnitReportReporter -->
<testsuite hostname="C02HD4QKQ6L5" failures="0" tests="4" name="Api.Test.UserTest" time="2.801" errors="0" timestamp="2024-02-01T15:32:10 IST" skipped="0">
  <testcase classname="Api.Test.UserTest" name="testPostUser" time="0.471"/>
  <testcase classname="Api.Test.UserTest" name="testGetUser" time="0.657"/>
  <testcase classname="Api.Test.UserTest" name="testUpdateUser" time="1.250"/>
  <testcase classname="Api.Test.UserTest" name="testdeleteUser" time="0.423"/>
</testsuite> <!-- Api.Test.UserTest -->
