<?xml version="1.0" encoding="UTF-8"?>
<!-- Generated by org.testng.reporters.JUnitReportReporter -->
<testsuite hostname="C02HD4QKQ6L5" failures="0" tests="9" name="Api.Test.DDUserTest" time="16.354" errors="0" timestamp="2024-02-15T15:36:55 IST" skipped="0">
  <testcase classname="Api.Test.DDUserTest" name="PostUserTest" time="1.754"/>
  <testcase classname="Api.Test.DDUserTest" name="PostUserTest" time="1.673"/>
  <testcase classname="Api.Test.DDUserTest" name="PostUserTest" time="2.537"/>
  <testcase classname="Api.Test.DDUserTest" name="GetUserTest" time="1.663"/>
  <testcase classname="Api.Test.DDUserTest" name="GetUserTest" time="1.666"/>
  <testcase classname="Api.Test.DDUserTest" name="GetUserTest" time="1.841"/>
  <testcase classname="Api.Test.DDUserTest" name="DeleteUser" time="1.635"/>
  <testcase classname="Api.Test.DDUserTest" name="DeleteUser" time="1.744"/>
  <testcase classname="Api.Test.DDUserTest" name="DeleteUser" time="1.841"/>
</testsuite> <!-- Api.Test.DDUserTest -->
