<?xml version="1.0" encoding="UTF-8"?>
<!-- Generated by org.testng.reporters.JUnitReportReporter -->
<testsuite hostname="C02HD4QKQ6L5" failures="0" tests="1" name="Api.Test.StoreTest" time="3.876" errors="0" timestamp="2024-02-01T15:32:10 IST" skipped="0">
  <testcase classname="Api.Test.StoreTest" name="testPostStore" time="3.876"/>
</testsuite> <!-- Api.Test.StoreTest -->
